100.03.01 13:34 B C:\mike\seawater\sw_adtg.m <-- is.gfi.uib.no /home2/frankn/matlab-filer/seawater sw_adtg.m
100.03.01 13:34 B C:\mike\seawater\sw_alpha.m <-- is.gfi.uib.no /home2/frankn/matlab-filer/seawater sw_alpha.m
100.03.01 13:34 B C:\mike\seawater\sw_aonb.m <-- is.gfi.uib.no /home2/frankn/matlab-filer/seawater sw_aonb.m
100.03.01 13:34 B C:\mike\seawater\sw_beta.m <-- is.gfi.uib.no /home2/frankn/matlab-filer/seawater sw_beta.m
100.03.01 13:34 B C:\mike\seawater\sw_bfrq.m <-- is.gfi.uib.no /home2/frankn/matlab-filer/seawater sw_bfrq.m
100.03.01 13:34 B C:\mike\seawater\sw_c3515.m <-- is.gfi.uib.no /home2/frankn/matlab-filer/seawater sw_c3515.m
100.03.01 13:34 B C:\mike\seawater\sw_cndr.m <-- is.gfi.uib.no /home2/frankn/matlab-filer/seawater sw_cndr.m
100.03.01 13:34 B C:\mike\seawater\sw_copy.m <-- is.gfi.uib.no /home2/frankn/matlab-filer/seawater sw_copy.m
100.03.01 13:34 B C:\mike\seawater\sw_cp.m <-- is.gfi.uib.no /home2/frankn/matlab-filer/seawater sw_cp.m
100.03.01 13:34 B C:\mike\seawater\sw_dens.m <-- is.gfi.uib.no /home2/frankn/matlab-filer/seawater sw_dens.m
100.03.01 13:34 B C:\mike\seawater\sw_dens0.m <-- is.gfi.uib.no /home2/frankn/matlab-filer/seawater sw_dens0.m
100.03.01 13:34 B C:\mike\seawater\sw_dist.m <-- is.gfi.uib.no /home2/frankn/matlab-filer/seawater sw_dist.m
100.03.01 13:34 B C:\mike\seawater\sw_dpth.m <-- is.gfi.uib.no /home2/frankn/matlab-filer/seawater sw_dpth.m
100.03.01 13:34 B C:\mike\seawater\sw_f.m <-- is.gfi.uib.no /home2/frankn/matlab-filer/seawater sw_f.m
100.03.01 13:34 B C:\mike\seawater\sw_fp.m <-- is.gfi.uib.no /home2/frankn/matlab-filer/seawater sw_fp.m
100.03.01 13:34 B C:\mike\seawater\sw_g.m <-- is.gfi.uib.no /home2/frankn/matlab-filer/seawater sw_g.m
100.03.01 13:34 B C:\mike\seawater\sw_gpan.m <-- is.gfi.uib.no /home2/frankn/matlab-filer/seawater sw_gpan.m
100.03.01 13:34 B C:\mike\seawater\sw_gvel.m <-- is.gfi.uib.no /home2/frankn/matlab-filer/seawater sw_gvel.m
100.03.01 13:34 B C:\mike\seawater\sw_info.m <-- is.gfi.uib.no /home2/frankn/matlab-filer/seawater sw_info.m
100.03.01 13:34 B C:\mike\seawater\sw_new.m <-- is.gfi.uib.no /home2/frankn/matlab-filer/seawater sw_new.m
100.03.01 13:34 B C:\mike\seawater\sw_pden.m <-- is.gfi.uib.no /home2/frankn/matlab-filer/seawater sw_pden.m
100.03.01 13:34 B C:\mike\seawater\sw_pres.m <-- is.gfi.uib.no /home2/frankn/matlab-filer/seawater sw_pres.m
100.03.01 13:34 B C:\mike\seawater\sw_ptmp.m <-- is.gfi.uib.no /home2/frankn/matlab-filer/seawater sw_ptmp.m
100.03.01 13:34 B C:\mike\seawater\sw_salds.m <-- is.gfi.uib.no /home2/frankn/matlab-filer/seawater sw_salds.m
100.03.01 13:34 B C:\mike\seawater\sw_salrp.m <-- is.gfi.uib.no /home2/frankn/matlab-filer/seawater sw_salrp.m
100.03.01 13:34 B C:\mike\seawater\sw_salrt.m <-- is.gfi.uib.no /home2/frankn/matlab-filer/seawater sw_salrt.m
100.03.01 13:34 B C:\mike\seawater\sw_sals.m <-- is.gfi.uib.no /home2/frankn/matlab-filer/seawater sw_sals.m
100.03.01 13:34 B C:\mike\seawater\sw_salt.m <-- is.gfi.uib.no /home2/frankn/matlab-filer/seawater sw_salt.m
100.03.01 13:34 B C:\mike\seawater\sw_seck.m <-- is.gfi.uib.no /home2/frankn/matlab-filer/seawater sw_seck.m
100.03.01 13:34 B C:\mike\seawater\sw_smow.m <-- is.gfi.uib.no /home2/frankn/matlab-filer/seawater sw_smow.m
100.03.01 13:34 B C:\mike\seawater\sw_svan.m <-- is.gfi.uib.no /home2/frankn/matlab-filer/seawater sw_svan.m
100.03.01 13:34 B C:\mike\seawater\sw_svel.m <-- is.gfi.uib.no /home2/frankn/matlab-filer/seawater sw_svel.m
100.03.01 13:34 B C:\mike\seawater\sw_temp.m <-- is.gfi.uib.no /home2/frankn/matlab-filer/seawater sw_temp.m
100.03.01 13:34 B C:\mike\seawater\swcp.m <-- is.gfi.uib.no /home2/frankn/matlab-filer/seawater swcp.m
100.03.01 13:34 B C:\mike\seawater\swfreeze.m <-- is.gfi.uib.no /home2/frankn/matlab-filer/seawater swfreeze.m
100.03.01 13:34 B C:\mike\seawater\swfreezetemp.m <-- is.gfi.uib.no /home2/frankn/matlab-filer/seawater swfreezetemp.m
100.03.01 13:34 B C:\mike\seawater\swstate.m <-- is.gfi.uib.no /home2/frankn/matlab-filer/seawater swstate.m
